2026-01-27 09:52:29.491 [info] Extension host with pid 23530 started
2026-01-27 09:52:29.491 [error] Error: EEXIST: file already exists, open '/data/data/com.termux/files/home/.local/share/code-server/User/workspaceStorage/6b2b686c/vscode.lock'
2026-01-27 09:52:29.496 [info] Lock '/data/data/com.termux/files/home/.local/share/code-server/User/workspaceStorage/6b2b686c/vscode.lock': Could not acquire lock, checking if the file is stale.
2026-01-27 09:52:29.500 [info] Lock '/data/data/com.termux/files/home/.local/share/code-server/User/workspaceStorage/6b2b686c/vscode.lock': The lock does not look stale, elapsed: 602 ms, giving up.
2026-01-27 09:52:29.521 [info] Lock '/data/data/com.termux/files/home/.local/share/code-server/User/workspaceStorage/6b2b686c-1/vscode.lock': Lock acquired.
2026-01-27 09:52:30.222 [info] ExtensionService#_doActivateExtension vscode.github-authentication, startup: false, activationEvent: 'onAuthenticationRequest:github'
2026-01-27 09:52:30.421 [info] ExtensionService#_doActivateExtension vscode.terminal-suggest, startup: false, activationEvent: 'onTerminalShellIntegration:*'
2026-01-27 09:52:31.181 [info] ExtensionService#_doActivateExtension vscode.git-base, startup: true, activationEvent: '*', root cause: vscode.git
2026-01-27 09:52:31.228 [info] ExtensionService#_doActivateExtension vscode.git, startup: true, activationEvent: '*'
2026-01-27 09:52:31.229 [info] ExtensionService#_doActivateExtension vscode.github, startup: true, activationEvent: '*'
2026-01-27 09:52:33.952 [info] Eager extensions activated
2026-01-27 09:52:33.953 [info] ExtensionService#_doActivateExtension vscode.debug-auto-launch, startup: false, activationEvent: 'onStartupFinished'
2026-01-27 09:52:33.955 [info] ExtensionService#_doActivateExtension vscode.merge-conflict, startup: false, activationEvent: 'onStartupFinished'
2026-01-27 09:53:23.944 [info] ExtensionService#_doActivateExtension ms-python.python, startup: false, activationEvent: 'onLanguage:python'
2026-01-27 09:53:23.950 [info] ExtensionService#_doActivateExtension vscode.emmet, startup: false, activationEvent: 'onLanguage'
2026-01-27 10:21:57.892 [info] ExtensionService#_doActivateExtension vscode.npm, startup: false, activationEvent: 'onTerminalQuickFixRequest:ms-vscode.npm-command'
2026-01-27 10:22:04.536 [info] ExtensionService#_doActivateExtension vscode.configuration-editing, startup: false, activationEvent: 'onLanguage:json'
2026-01-27 10:22:04.537 [info] ExtensionService#_doActivateExtension vscode.extension-editing, startup: false, activationEvent: 'onLanguage:json'
2026-01-27 10:22:04.537 [info] ExtensionService#_doActivateExtension vscode.json-language-features, startup: false, activationEvent: 'onLanguage:json'
2026-01-27 10:52:30.781 [info] ExtensionService#_doActivateExtension vscode.typescript-language-features, startup: false, activationEvent: 'onLanguage:jsonc'
2026-01-27 11:07:00.139 [error] [ms-python.python] provider FAILED
2026-01-27 11:07:00.144 [error] Error: ValueError: `column` parameter (34) is not in a valid range (0-33) for line 12 ('            print("BLAST OFF! ðŸš€")').
	at ae (/data/data/com.termux/files/home/.local/share/code-server/extensions/ms-python.python-2026.0.0-universal/out/client/extension.js:2:2026347)
	at oe (/data/data/com.termux/files/home/.local/share/code-server/extensions/ms-python.python-2026.0.0-universal/out/client/extension.js:2:2024307)
	at Immediate.<anonymous> (/data/data/com.termux/files/home/.local/share/code-server/extensions/ms-python.python-2026.0.0-universal/out/client/extension.js:2:2020601)
	at process.processImmediate (node:internal/timers:485:21)
2026-01-27 11:07:01.820 [error] [ms-python.python] provider FAILED
2026-01-27 11:07:01.820 [error] Error: ValueError: `column` parameter (34) is not in a valid range (0-33) for line 12 ('            print("BLAST OFF! ðŸš€")').
	at ae (/data/data/com.termux/files/home/.local/share/code-server/extensions/ms-python.python-2026.0.0-universal/out/client/extension.js:2:2026347)
	at oe (/data/data/com.termux/files/home/.local/share/code-server/extensions/ms-python.python-2026.0.0-universal/out/client/extension.js:2:2024307)
	at Immediate.<anonymous> (/data/data/com.termux/files/home/.local/share/code-server/extensions/ms-python.python-2026.0.0-universal/out/client/extension.js:2:2020601)
	at process.processImmediate (node:internal/timers:485:21)
2026-01-27 11:07:44.974 [error] [ms-python.python] provider FAILED
2026-01-27 11:07:44.975 [error] Error: ValueError: `column` parameter (34) is not in a valid range (0-33) for line 12 ('            print("BLAST OFF! ðŸš€")').
	at ae (/data/data/com.termux/files/home/.local/share/code-server/extensions/ms-python.python-2026.0.0-universal/out/client/extension.js:2:2026347)
	at oe (/data/data/com.termux/files/home/.local/share/code-server/extensions/ms-python.python-2026.0.0-universal/out/client/extension.js:2:2024307)
	at Immediate.<anonymous> (/data/data/com.termux/files/home/.local/share/code-server/extensions/ms-python.python-2026.0.0-universal/out/client/extension.js:2:2020601)
	at process.processImmediate (node:internal/timers:485:21)
2026-01-27 11:07:46.676 [error] [ms-python.python] provider FAILED
2026-01-27 11:07:46.676 [error] Error: ValueError: `column` parameter (34) is not in a valid range (0-33) for line 12 ('            print("BLAST OFF! ðŸš€")').
	at ae (/data/data/com.termux/files/home/.local/share/code-server/extensions/ms-python.python-2026.0.0-universal/out/client/extension.js:2:2026347)
	at oe (/data/data/com.termux/files/home/.local/share/code-server/extensions/ms-python.python-2026.0.0-universal/out/client/extension.js:2:2024307)
	at Immediate.<anonymous> (/data/data/com.termux/files/home/.local/share/code-server/extensions/ms-python.python-2026.0.0-universal/out/client/extension.js:2:2020601)
	at process.processImmediate (node:internal/timers:485:21)
2026-01-27 11:15:44.166 [error] [ms-python.python] provider FAILED
2026-01-27 11:15:44.170 [error] Error: ValueError: `column` parameter (22) is not in a valid range (0-21) for line 12 ('print("BLAST OFF! ðŸš€")').
	at ae (/data/data/com.termux/files/home/.local/share/code-server/extensions/ms-python.python-2026.0.0-universal/out/client/extension.js:2:2026347)
	at oe (/data/data/com.termux/files/home/.local/share/code-server/extensions/ms-python.python-2026.0.0-universal/out/client/extension.js:2:2024307)
	at Immediate.<anonymous> (/data/data/com.termux/files/home/.local/share/code-server/extensions/ms-python.python-2026.0.0-universal/out/client/extension.js:2:2020601)
	at process.processImmediate (node:internal/timers:485:21)
2026-01-27 11:23:55.503 [error] [ms-python.python] provider FAILED
2026-01-27 11:23:55.507 [error] Error: AssertionError
	at ae (/data/data/com.termux/files/home/.local/share/code-server/extensions/ms-python.python-2026.0.0-universal/out/client/extension.js:2:2026347)
	at oe (/data/data/com.termux/files/home/.local/share/code-server/extensions/ms-python.python-2026.0.0-universal/out/client/extension.js:2:2024307)
	at Immediate.<anonymous> (/data/data/com.termux/files/home/.local/share/code-server/extensions/ms-python.python-2026.0.0-universal/out/client/extension.js:2:2020601)
	at process.processImmediate (node:internal/timers:485:21)
2026-01-27 11:23:56.561 [error] [ms-python.python] provider FAILED
2026-01-27 11:23:56.561 [error] Error: AssertionError
	at ae (/data/data/com.termux/files/home/.local/share/code-server/extensions/ms-python.python-2026.0.0-universal/out/client/extension.js:2:2026347)
	at oe (/data/data/com.termux/files/home/.local/share/code-server/extensions/ms-python.python-2026.0.0-universal/out/client/extension.js:2:2024307)
	at Immediate.<anonymous> (/data/data/com.termux/files/home/.local/share/code-server/extensions/ms-python.python-2026.0.0-universal/out/client/extension.js:2:2020601)
	at process.processImmediate (node:internal/timers:485:21)
2026-01-27 11:23:57.958 [error] [ms-python.python] provider FAILED
2026-01-27 11:23:57.959 [error] Error: AssertionError
	at ae (/data/data/com.termux/files/home/.local/share/code-server/extensions/ms-python.python-2026.0.0-universal/out/client/extension.js:2:2026347)
	at oe (/data/data/com.termux/files/home/.local/share/code-server/extensions/ms-python.python-2026.0.0-universal/out/client/extension.js:2:2024307)
	at Immediate.<anonymous> (/data/data/com.termux/files/home/.local/share/code-server/extensions/ms-python.python-2026.0.0-universal/out/client/extension.js:2:2020601)
	at process.processImmediate (node:internal/timers:485:21)
2026-01-27 11:23:58.997 [error] [ms-python.python] provider FAILED
2026-01-27 11:23:58.998 [error] Error: AssertionError
	at ae (/data/data/com.termux/files/home/.local/share/code-server/extensions/ms-python.python-2026.0.0-universal/out/client/extension.js:2:2026347)
	at oe (/data/data/com.termux/files/home/.local/share/code-server/extensions/ms-python.python-2026.0.0-universal/out/client/extension.js:2:2024307)
	at Immediate.<anonymous> (/data/data/com.termux/files/home/.local/share/code-server/extensions/ms-python.python-2026.0.0-universal/out/client/extension.js:2:2020601)
	at process.processImmediate (node:internal/timers:485:21)
2026-01-27 11:23:59.973 [error] [ms-python.python] provider FAILED
2026-01-27 11:23:59.974 [error] Error: AssertionError
	at ae (/data/data/com.termux/files/home/.local/share/code-server/extensions/ms-python.python-2026.0.0-universal/out/client/extension.js:2:2026347)
	at oe (/data/data/com.termux/files/home/.local/share/code-server/extensions/ms-python.python-2026.0.0-universal/out/client/extension.js:2:2024307)
	at Immediate.<anonymous> (/data/data/com.termux/files/home/.local/share/code-server/extensions/ms-python.python-2026.0.0-universal/out/client/extension.js:2:2020601)
	at process.processImmediate (node:internal/timers:485:21)
2026-01-27 11:24:01.109 [error] [ms-python.python] provider FAILED
2026-01-27 11:24:01.110 [error] Error: AssertionError
	at ae (/data/data/com.termux/files/home/.local/share/code-server/extensions/ms-python.python-2026.0.0-universal/out/client/extension.js:2:2026347)
	at oe (/data/data/com.termux/files/home/.local/share/code-server/extensions/ms-python.python-2026.0.0-universal/out/client/extension.js:2:2024307)
	at Immediate.<anonymous> (/data/data/com.termux/files/home/.local/share/code-server/extensions/ms-python.python-2026.0.0-universal/out/client/extension.js:2:2020601)
	at process.processImmediate (node:internal/timers:485:21)
2026-01-27 11:24:02.328 [error] [ms-python.python] provider FAILED
2026-01-27 11:24:02.328 [error] Error: AssertionError
	at ae (/data/data/com.termux/files/home/.local/share/code-server/extensions/ms-python.python-2026.0.0-universal/out/client/extension.js:2:2026347)
	at oe (/data/data/com.termux/files/home/.local/share/code-server/extensions/ms-python.python-2026.0.0-universal/out/client/extension.js:2:2024307)
	at Immediate.<anonymous> (/data/data/com.termux/files/home/.local/share/code-server/extensions/ms-python.python-2026.0.0-universal/out/client/extension.js:2:2020601)
	at process.processImmediate (node:internal/timers:485:21)
2026-01-27 11:24:03.362 [error] [ms-python.python] provider FAILED
2026-01-27 11:24:03.363 [error] Error: AssertionError
	at ae (/data/data/com.termux/files/home/.local/share/code-server/extensions/ms-python.python-2026.0.0-universal/out/client/extension.js:2:2026347)
	at oe (/data/data/com.termux/files/home/.local/share/code-server/extensions/ms-python.python-2026.0.0-universal/out/client/extension.js:2:2024307)
	at Immediate.<anonymous> (/data/data/com.termux/files/home/.local/share/code-server/extensions/ms-python.python-2026.0.0-universal/out/client/extension.js:2:2020601)
	at process.processImmediate (node:internal/timers:485:21)
2026-01-27 11:24:04.394 [error] [ms-python.python] provider FAILED
2026-01-27 11:24:04.394 [error] Error: AssertionError
	at ae (/data/data/com.termux/files/home/.local/share/code-server/extensions/ms-python.python-2026.0.0-universal/out/client/extension.js:2:2026347)
	at oe (/data/data/com.termux/files/home/.local/share/code-server/extensions/ms-python.python-2026.0.0-universal/out/client/extension.js:2:2024307)
	at Immediate.<anonymous> (/data/data/com.termux/files/home/.local/share/code-server/extensions/ms-python.python-2026.0.0-universal/out/client/extension.js:2:2020601)
	at process.processImmediate (node:internal/timers:485:21)
2026-01-27 11:40:09.802 [info] Extension host terminating: received terminate message from renderer
2026-01-27 11:40:09.858 [info] Lock '/data/data/com.termux/files/home/.local/share/code-server/User/workspaceStorage/6b2b686c-1/vscode.lock': Marking the lockfile as scheduled to be released in 6000 ms.
2026-01-27 11:40:10.879 [error] Error: Channel has been closed
	at n (file:///data/data/com.termux/files/usr/lib/code-server/lib/vscode/out/vs/workbench/api/node/extensionHostProcess.js:123:2954)
	at Object.info (file:///data/data/com.termux/files/usr/lib/code-server/lib/vscode/out/vs/workbench/api/node/extensionHostProcess.js:123:3299)
	at T.info (/data/data/com.termux/files/usr/lib/code-server/lib/vscode/extensions/json-language-features/client/dist/node/jsonClientMain.js:2:45267)
	at ChildProcess.<anonymous> (/data/data/com.termux/files/usr/lib/code-server/lib/vscode/extensions/json-language-features/client/dist/node/jsonClientMain.js:2:600579)
	at ChildProcess.emit (node:events:519:28)
	at ChildProcess._handle.onexit (node:internal/child_process:293:12)
2026-01-27 11:40:10.956 [info] Extension host with pid 23530 exiting with code 0
