2026-01-28 14:40:15.067 [info] Extension host with pid 20470 started
2026-01-28 14:40:15.089 [info] Lock '/data/data/com.termux/files/home/.local/share/code-server/User/workspaceStorage/6b2b686c/vscode.lock': Lock acquired.
2026-01-28 14:40:15.722 [info] ExtensionService#_doActivateExtension vscode.github-authentication, startup: false, activationEvent: 'onAuthenticationRequest:github'
2026-01-28 14:40:15.734 [info] ExtensionService#_doActivateExtension ms-python.python, startup: false, activationEvent: 'onLanguage:python'
2026-01-28 14:40:15.735 [info] ExtensionService#_doActivateExtension vscode.emmet, startup: false, activationEvent: 'onLanguage'
2026-01-28 14:40:17.542 [info] ExtensionService#_doActivateExtension vscode.git-base, startup: true, activationEvent: '*', root cause: vscode.git
2026-01-28 14:40:17.885 [info] ExtensionService#_doActivateExtension vscode.git, startup: true, activationEvent: '*'
2026-01-28 14:40:17.885 [info] ExtensionService#_doActivateExtension vscode.github, startup: true, activationEvent: '*'
2026-01-28 14:40:20.678 [info] ExtensionService#_doActivateExtension vscode.terminal-suggest, startup: false, activationEvent: 'onTerminalShellIntegration:*'
2026-01-28 14:40:21.299 [info] Eager extensions activated
2026-01-28 14:40:21.300 [info] ExtensionService#_doActivateExtension vscode.debug-auto-launch, startup: false, activationEvent: 'onStartupFinished'
2026-01-28 14:40:21.301 [info] ExtensionService#_doActivateExtension vscode.merge-conflict, startup: false, activationEvent: 'onStartupFinished'
2026-01-28 14:40:44.893 [info] ExtensionService#_doActivateExtension vscode.npm, startup: false, activationEvent: 'onTerminalQuickFixRequest:ms-vscode.npm-command'
2026-01-28 14:40:51.372 [info] ExtensionService#_doActivateExtension vscode.configuration-editing, startup: false, activationEvent: 'onLanguage:json'
2026-01-28 14:40:51.373 [info] ExtensionService#_doActivateExtension vscode.extension-editing, startup: false, activationEvent: 'onLanguage:json'
2026-01-28 14:40:51.373 [info] ExtensionService#_doActivateExtension vscode.json-language-features, startup: false, activationEvent: 'onLanguage:json'
2026-01-28 15:04:26.497 [error] [ms-python.python] provider FAILED
2026-01-28 15:04:26.500 [error] Error: ValueError: `column` parameter (22) is not in a valid range (0-21) for line 12 ('print("BLAST OFF! ðŸš€")').
	at ae (/data/data/com.termux/files/home/.local/share/code-server/extensions/ms-python.python-2026.0.0-universal/out/client/extension.js:2:2026347)
	at oe (/data/data/com.termux/files/home/.local/share/code-server/extensions/ms-python.python-2026.0.0-universal/out/client/extension.js:2:2024307)
	at Immediate.<anonymous> (/data/data/com.termux/files/home/.local/share/code-server/extensions/ms-python.python-2026.0.0-universal/out/client/extension.js:2:2020601)
	at process.processImmediate (node:internal/timers:485:21)
2026-01-28 15:50:05.654 [error] [ms-python.python] provider FAILED
2026-01-28 15:50:05.656 [error] Error: ValueError: `column` parameter (22) is not in a valid range (0-21) for line 12 ('print("BLAST OFF! ðŸš€")').
	at ae (/data/data/com.termux/files/home/.local/share/code-server/extensions/ms-python.python-2026.0.0-universal/out/client/extension.js:2:2026347)
	at oe (/data/data/com.termux/files/home/.local/share/code-server/extensions/ms-python.python-2026.0.0-universal/out/client/extension.js:2:2024307)
	at Immediate.<anonymous> (/data/data/com.termux/files/home/.local/share/code-server/extensions/ms-python.python-2026.0.0-universal/out/client/extension.js:2:2020601)
	at process.processImmediate (node:internal/timers:485:21)
2026-01-28 16:01:51.190 [error] [ms-python.python] provider FAILED
2026-01-28 16:01:51.194 [error] Error: ValueError: `column` parameter (22) is not in a valid range (0-21) for line 12 ('print("BLAST OFF! ðŸš€")').
	at ae (/data/data/com.termux/files/home/.local/share/code-server/extensions/ms-python.python-2026.0.0-universal/out/client/extension.js:2:2026347)
	at oe (/data/data/com.termux/files/home/.local/share/code-server/extensions/ms-python.python-2026.0.0-universal/out/client/extension.js:2:2024307)
	at Immediate.<anonymous> (/data/data/com.termux/files/home/.local/share/code-server/extensions/ms-python.python-2026.0.0-universal/out/client/extension.js:2:2020601)
	at process.processImmediate (node:internal/timers:485:21)
